<?xml version="1.0" encoding="UTF-8"?>
<testsuites name="New Test Suite 1" time="0" tests="0" failures="0" errors="0">
   <testsuite name="New Test Suite 1" tests="0" failures="0" errors="0" time="0" timestamp="2019-01-23 14:34:20" hostname="DESKTOP-3INA7A3$ - DESKTOP-3INA7A3" id="Test Suites/New Test Suite 1">
      <properties>
         <property name="deviceName" value=""/>
         <property name="devicePlatform" value=""/>
         <property name="logFolder" value="C:\\Users\\viva\\git\\TestProject2020\\TestProject2019\\Reports\\New Test Suite 1\\20190123_143416"/>
         <property name="logFiles" value="C:\\Users\\viva\\git\\TestProject2020\\TestProject2019\\Reports\\New Test Suite 1\\20190123_143416\\execution0.log"/>
         <property name="attachments" value=""/>
         <property name="hostName" value="DESKTOP-3INA7A3$ - DESKTOP-3INA7A3"/>
         <property name="hostAddress" value="192.168.1.48"/>
         <property name="os" value="Windows 10 64bit"/>
         <property name="katalonVersion" value="5.10.1.1"/>
      </properties>
      <system-out><![CDATA[2019-01-23 14:34:20 - [TEST_SUITE][PASSED] - New Test Suite 1: null]]></system-out>
      <system-err><![CDATA[]]></system-err>
   </testsuite>
</testsuites>
